<?xml version="1.0" encoding="UTF-8"?>
<testsuite xmlns:xsi="http://www.w3.org/2001/XMLSchema-instance" xsi:noNamespaceSchemaLocation="https://maven.apache.org/surefire/maven-surefire-plugin/xsd/surefire-test-report-3.0.xsd" version="3.0" name="com.whiteplayground.numberservice.NumberServiceApplicationTests" time="1.784" tests="1" errors="0" skipped="0" failures="0">
  <properties>
[...]
</properties>
  <testcase name="contextLoads" classname="com.whiteplayground.numberservice.NumberServiceApplicationTests" time="0.538">
    <system-out><![CDATA[13:23:30.869 [main] INFO org.springframework.test.context.support.AnnotationConfigContextLoaderUtils -- Could not detect default configuration classes for test class [com.whiteplayground.numberservice.NumberServiceApplicationTests]: NumberServiceApplicationTests does not declare any static, non-private, non-final, nested classes annotated with @Configuration.
13:23:30.944 [main] INFO org.springframework.boot.test.context.SpringBootTestContextBootstrapper -- Found @SpringBootConfiguration com.whiteplayground.numberservice.NumberServiceApplication for test class com.whiteplayground.numberservice.NumberServiceApplicationTests

  .   ____          _            __ _ _
 /\\ / ___'_ __ _ _(_)_ __  __ _ \ \ \ \
( ( )\___ | '_ | '_| | '_ \/ _` | \ \ \ \
 \\/  ___)| |_)| | | | | || (_| |  ) ) ) )
  '  |____| .__|_| |_|_| |_\__, | / / / /
 =========|_|==============|___/=/_/_/_/
 :: Spring Boot ::                (v3.2.0)

2023-12-07T13:23:31.229+09:00  INFO 11684 --- [           main] c.w.n.NumberServiceApplicationTests      : Starting NumberServiceApplicationTests using Java 21.0.1 with PID 11684 (started by vadim in C:\Users\vadim\Documents\Development\WPG\number-service)
2023-12-07T13:23:31.230+09:00  INFO 11684 --- [           main] c.w.n.NumberServiceApplicationTests      : No active profile set, falling back to 1 default profile: "default"
2023-12-07T13:23:31.987+09:00  INFO 11684 --- [           main] c.w.n.NumberServiceApplicationTests      : Started NumberServiceApplicationTests in 0.947 seconds (process running for 1.6)
]]></system-out>
    <system-err><![CDATA[WARNING: A Java agent has been loaded dynamically (C:\Users\vadim\.m2\repository\net\bytebuddy\byte-buddy-agent\1.14.10\byte-buddy-agent-1.14.10.jar)
WARNING: If a serviceability tool is in use, please run with -XX:+EnableDynamicAgentLoading to hide this warning
WARNING: If a serviceability tool is not in use, please run with -Djdk.instrument.traceUsage for more information
WARNING: Dynamic loading of agents will be disallowed by default in a future release
]]></system-err>
  </testcase>
</testsuite>